~/workspace$ python run_tests.py
test_query_builder (tests.test_dom_interface.TestDOMInterface.test_query_builder) ... ok
test_element_properties (tests.test_dom_interface.TestDOMElement.test_element_properties) ... ok
test_structured_content (tests.test_content_extraction.TestContentExtraction.test_structured_content) ... ok
test_text_extraction (tests.test_content_extraction.TestContentExtraction.test_text_extraction) ... ok
test_script_removal (tests.test_content_extraction.TestContentProcessor.test_script_removal) ... ok
test_whitespace_cleaning (tests.test_content_extraction.TestContentProcessor.test_whitespace_cleaning) ... ok
test_get_inner_text (tests.test_element_text.TestElementTextExtractor.test_get_inner_text) ... ok
test_get_text (tests.test_element_text.TestElementTextExtractor.test_get_text) ... ok
test_text_with_attributes (tests.test_element_text.TestElementTextExtractor.test_text_with_attributes) ... ok
test_dom_element_selection_integration (tests.integration.test_dom_integration.TestDOMIntegration.test_dom_element_selection_integration) ... FAIL
test_performance (tests.integration.test_dom_integration.TestDOMIntegration.test_performance) ... ok
test_error_propagation (tests.integration.test_system_integration.TestSystemIntegration.test_error_propagation) ... ok
test_full_system_flow (tests.integration.test_system_integration.TestSystemIntegration.test_full_system_flow) ... ok

======================================================================
FAIL: test_dom_element_selection_integration (tests.integration.test_dom_integration.TestDOMIntegration.test_dom_element_selection_integration)
----------------------------------------------------------------------
Traceback (most recent call last):
  File "/home/runner/workspace/tests/integration/test_dom_integration.py", line 31, in test_dom_element_selection_integration
    self.assertEqual(content.strip(), "Test Content")
AssertionError: '' != 'Test Content'
+ Test Content

----------------------------------------------------------------------
Ran 13 tests in 0.005s

FAILED (failures=1)
test_query_builder (tests.test_dom_interface.TestDOMInterface.test_query_builder) ... ok
test_element_properties (tests.test_dom_interface.TestDOMElement.test_element_properties) ... ok
test_structured_content (tests.test_content_extraction.TestContentExtraction.test_structured_content) ... ok
test_text_extraction (tests.test_content_extraction.TestContentExtraction.test_text_extraction) ... ok
test_script_removal (tests.test_content_extraction.TestContentProcessor.test_script_removal) ... ok
test_whitespace_cleaning (tests.test_content_extraction.TestContentProcessor.test_whitespace_cleaning) ... ok
test_get_inner_text (tests.test_element_text.TestElementTextExtractor.test_get_inner_text) ... ok
test_get_text (tests.test_element_text.TestElementTextExtractor.test_get_text) ... ok
test_text_with_attributes (tests.test_element_text.TestElementTextExtractor.test_text_with_attributes) ... ok
test_dom_element_selection_integration (tests.integration.test_dom_integration.TestDOMIntegration.test_dom_element_selection_integration) ... FAIL
test_performance (tests.integration.test_dom_integration.TestDOMIntegration.test_performance) ... ok
test_error_propagation (tests.integration.test_system_integration.TestSystemIntegration.test_error_propagation) ... ok
test_full_system_flow (tests.integration.test_system_integration.TestSystemIntegration.test_full_system_flow) ... ok

======================================================================
FAIL: test_dom_element_selection_integration (tests.integration.test_dom_integration.TestDOMIntegration.test_dom_element_selection_integration)
----------------------------------------------------------------------
Traceback (most recent call last):
  File "/home/runner/workspace/tests/integration/test_dom_integration.py", line 31, in test_dom_element_selection_integration
    self.assertEqual(content.strip(), "Test Content")
AssertionError: '' != 'Test Content'
+ Test Content

----------------------------------------------------------------------
Ran 13 tests in 0.004s

FAILED (failures=1)
~/workspace$ 