~/workspace$ python run_tests.py
test_query_builder (tests.test_dom_interface.TestDOMInterface.test_query_builder) ... ok
test_element_properties (tests.test_dom_interface.TestDOMElement.test_element_properties) ... ok
test_structured_content (tests.test_content_extraction.TestContentExtraction.test_structured_content) ... ok
test_text_extraction (tests.test_content_extraction.TestContentExtraction.test_text_extraction) ... FAIL
test_script_removal (tests.test_content_extraction.TestContentProcessor.test_script_removal) ... ok
test_whitespace_cleaning (tests.test_content_extraction.TestContentProcessor.test_whitespace_cleaning) ... ok
test_get_inner_text (tests.test_element_text.TestElementTextExtractor.test_get_inner_text) ... ok
test_get_text (tests.test_element_text.TestElementTextExtractor.test_get_text) ... ok
test_text_with_attributes (tests.test_element_text.TestElementTextExtractor.test_text_with_attributes) ... ok
test_dom_element_selection_integration (tests.integration.test_dom_integration.TestDOMIntegration.test_dom_element_selection_integration) ... ok
test_performance (tests.integration.test_dom_integration.TestDOMIntegration.test_performance) ... ok
test_error_propagation (tests.integration.test_system_integration.TestSystemIntegration.test_error_propagation) ... ERROR
test_full_system_flow (tests.integration.test_system_integration.TestSystemIntegration.test_full_system_flow) ... ERROR

======================================================================
ERROR: test_error_propagation (tests.integration.test_system_integration.TestSystemIntegration.test_error_propagation)
----------------------------------------------------------------------
Traceback (most recent call last):
  File "/home/runner/workspace/tests/integration/test_system_integration.py", line 12, in setUp
    self.test_element = DOMElement(
                        ^^^^^^^^^^
NameError: name 'DOMElement' is not defined

======================================================================
ERROR: test_full_system_flow (tests.integration.test_system_integration.TestSystemIntegration.test_full_system_flow)
----------------------------------------------------------------------
Traceback (most recent call last):
  File "/home/runner/workspace/tests/integration/test_system_integration.py", line 12, in setUp
    self.test_element = DOMElement(
                        ^^^^^^^^^^
NameError: name 'DOMElement' is not defined

======================================================================
FAIL: test_text_extraction (tests.test_content_extraction.TestContentExtraction.test_text_extraction)
----------------------------------------------------------------------
Traceback (most recent call last):
  File "/home/runner/workspace/tests/test_content_extraction.py", line 18, in test_text_extraction
    self.assertEqual(text, "Test Content with spaces")
AssertionError: 'Test   Content  with  spaces' != 'Test Content with spaces'
- Test   Content  with  spaces
?     --         -    -
+ Test Content with spaces


----------------------------------------------------------------------
Ran 13 tests in 0.035s

FAILED (failures=1, errors=2)
test_query_builder (tests.test_dom_interface.TestDOMInterface.test_query_builder) ... ok
test_element_properties (tests.test_dom_interface.TestDOMElement.test_element_properties) ... ok
test_structured_content (tests.test_content_extraction.TestContentExtraction.test_structured_content) ... ok
test_text_extraction (tests.test_content_extraction.TestContentExtraction.test_text_extraction) ... FAIL
test_script_removal (tests.test_content_extraction.TestContentProcessor.test_script_removal) ... ok
test_whitespace_cleaning (tests.test_content_extraction.TestContentProcessor.test_whitespace_cleaning) ... ok
test_get_inner_text (tests.test_element_text.TestElementTextExtractor.test_get_inner_text) ... ok
test_get_text (tests.test_element_text.TestElementTextExtractor.test_get_text) ... ok
test_text_with_attributes (tests.test_element_text.TestElementTextExtractor.test_text_with_attributes) ... ok
test_dom_element_selection_integration (tests.integration.test_dom_integration.TestDOMIntegration.test_dom_element_selection_integration) ... ok
test_performance (tests.integration.test_dom_integration.TestDOMIntegration.test_performance) ... ok
test_error_propagation (tests.integration.test_system_integration.TestSystemIntegration.test_error_propagation) ... ERROR
test_full_system_flow (tests.integration.test_system_integration.TestSystemIntegration.test_full_system_flow) ... ERROR

======================================================================
ERROR: test_error_propagation (tests.integration.test_system_integration.TestSystemIntegration.test_error_propagation)
----------------------------------------------------------------------
Traceback (most recent call last):
  File "/home/runner/workspace/tests/integration/test_system_integration.py", line 12, in setUp
    self.test_element = DOMElement(
                        ^^^^^^^^^^
NameError: name 'DOMElement' is not defined

======================================================================
ERROR: test_full_system_flow (tests.integration.test_system_integration.TestSystemIntegration.test_full_system_flow)
----------------------------------------------------------------------
Traceback (most recent call last):
  File "/home/runner/workspace/tests/integration/test_system_integration.py", line 12, in setUp
    self.test_element = DOMElement(
                        ^^^^^^^^^^
NameError: name 'DOMElement' is not defined

======================================================================
FAIL: test_text_extraction (tests.test_content_extraction.TestContentExtraction.test_text_extraction)
----------------------------------------------------------------------
Traceback (most recent call last):
  File "/home/runner/workspace/tests/test_content_extraction.py", line 18, in test_text_extraction
    self.assertEqual(text, "Test Content with spaces")
AssertionError: 'Test   Content  with  spaces' != 'Test Content with spaces'
- Test   Content  with  spaces
?     --         -    -
+ Test Content with spaces


----------------------------------------------------------------------
Ran 13 tests in 0.033s

FAILED (failures=1, e